<?xml version="1.0" encoding="UTF-8"?>
<testng-results skipped="0" failed="0" ignored="0" total="2" passed="2">
  <reporter-output>
  </reporter-output>
  <suite name="Default suite" duration-ms="258056" started-at="2020-01-05T14:15:31 CST" finished-at="2020-01-05T14:19:49 CST">
    <groups>
    </groups>
    <test name="Default test" duration-ms="258056" started-at="2020-01-05T14:15:31 CST" finished-at="2020-01-05T14:19:49 CST">
      <class name="getRequest.GetWeatherTestModif">
        <test-method status="PASS" signature="testBody()[pri:0, instance:getRequest.GetWeatherTestModif@43c1b556]" name="testBody" duration-ms="4963" started-at="2020-01-05T14:15:31 CST" finished-at="2020-01-05T14:15:36 CST">
          <reporter-output>
          </reporter-output>
        </test-method> <!-- testBody -->
        <test-method status="PASS" signature="testResponseCode()[pri:0, instance:getRequest.GetWeatherTestModif@43c1b556]" name="testResponseCode" duration-ms="252983" started-at="2020-01-05T14:15:36 CST" finished-at="2020-01-05T14:19:49 CST">
          <reporter-output>
          </reporter-output>
        </test-method> <!-- testResponseCode -->
      </class> <!-- getRequest.GetWeatherTestModif -->
    </test> <!-- Default test -->
  </suite> <!-- Default suite -->
</testng-results>
