<?xml version="1.0" encoding="UTF-8"?>
<!-- Generated by org.testng.reporters.JUnitXMLReporter -->
<testsuite hostname="DESKTOP-Q2ECTOR" ignored="0" name="Default test" tests="4" failures="0" timestamp="2020-01-05T18:52:57 CST" time="3.529" errors="0">
  <testcase name="createTest" time="3.084" classname="restAPI.CRUD_Test"/>
  <testcase name="readTest" time="0.277" classname="restAPI.CRUD_Test"/>
  <testcase name="updateTest" time="0.05" classname="restAPI.CRUD_Test"/>
  <testcase name="deleteTest" time="0.038" classname="restAPI.CRUD_Test"/>
</testsuite> <!-- Default test -->
